INFO  - 2014-11-08 17:11:31.095; org.eclipse.jetty.server.Server; jetty-8.1.10.v20130312
INFO  - 2014-11-08 17:11:31.118; org.eclipse.jetty.deploy.providers.ScanningAppProvider; Deployment monitor C:\Development\solr-4.10.2\example\contexts at interval 0
INFO  - 2014-11-08 17:11:31.150; org.eclipse.jetty.deploy.DeploymentManager; Deployable added: C:\Development\solr-4.10.2\example\contexts\solr-jetty-context.xml
INFO  - 2014-11-08 17:11:31.209; org.eclipse.jetty.webapp.WebInfConfiguration; Extract jar:file:/C:/Development/solr-4.10.2/example/webapps/solr.war!/ to C:\Development\solr-4.10.2\example\solr-webapp\webapp
INFO  - 2014-11-08 17:11:33.267; org.eclipse.jetty.webapp.StandardDescriptorProcessor; NO JSP Support for /solr, did not find org.apache.jasper.servlet.JspServlet
INFO  - 2014-11-08 17:11:33.402; org.apache.solr.servlet.SolrDispatchFilter; SolrDispatchFilter.init()
INFO  - 2014-11-08 17:11:33.480; org.apache.solr.core.SolrResourceLoader; JNDI not configured for solr (NoInitialContextEx)
INFO  - 2014-11-08 17:11:33.481; org.apache.solr.core.SolrResourceLoader; solr home defaulted to 'solr/' (could not find system property or JNDI)
INFO  - 2014-11-08 17:11:33.483; org.apache.solr.core.SolrResourceLoader; new SolrResourceLoader for directory: 'solr/'
INFO  - 2014-11-08 17:11:33.849; org.apache.solr.core.ConfigSolr; Loading container configuration from C:\Development\solr-4.10.2\example\solr\solr.xml
INFO  - 2014-11-08 17:11:34.849; org.apache.solr.core.CorePropertiesLocator; Config-defined core root directory: C:\Development\solr-4.10.2\example\solr
INFO  - 2014-11-08 17:11:34.885; org.apache.solr.core.CoreContainer; New CoreContainer 379645464
INFO  - 2014-11-08 17:11:34.886; org.apache.solr.core.CoreContainer; Loading cores into CoreContainer [instanceDir=solr/]
INFO  - 2014-11-08 17:11:34.932; org.apache.solr.handler.component.HttpShardHandlerFactory; Setting socketTimeout to: 0
INFO  - 2014-11-08 17:11:34.933; org.apache.solr.handler.component.HttpShardHandlerFactory; Setting urlScheme to: null
INFO  - 2014-11-08 17:11:34.939; org.apache.solr.handler.component.HttpShardHandlerFactory; Setting connTimeout to: 0
INFO  - 2014-11-08 17:11:34.943; org.apache.solr.handler.component.HttpShardHandlerFactory; Setting maxConnectionsPerHost to: 20
INFO  - 2014-11-08 17:11:34.944; org.apache.solr.handler.component.HttpShardHandlerFactory; Setting corePoolSize to: 0
INFO  - 2014-11-08 17:11:34.945; org.apache.solr.handler.component.HttpShardHandlerFactory; Setting maximumPoolSize to: 2147483647
INFO  - 2014-11-08 17:11:34.946; org.apache.solr.handler.component.HttpShardHandlerFactory; Setting maxThreadIdleTime to: 5
INFO  - 2014-11-08 17:11:34.947; org.apache.solr.handler.component.HttpShardHandlerFactory; Setting sizeOfQueue to: -1
INFO  - 2014-11-08 17:11:34.947; org.apache.solr.handler.component.HttpShardHandlerFactory; Setting fairnessPolicy to: false
INFO  - 2014-11-08 17:11:35.897; org.apache.solr.update.UpdateShardHandler; Creating UpdateShardHandler HTTP client with params: socketTimeout=0&connTimeout=0&retry=false
INFO  - 2014-11-08 17:11:35.900; org.apache.solr.logging.LogWatcher; SLF4J impl is org.slf4j.impl.Log4jLoggerFactory
INFO  - 2014-11-08 17:11:35.900; org.apache.solr.logging.LogWatcher; Registering Log Listener [Log4j (org.slf4j.impl.Log4jLoggerFactory)]
INFO  - 2014-11-08 17:11:35.901; org.apache.solr.core.CoreContainer; Host Name: 
INFO  - 2014-11-08 17:11:35.958; org.apache.solr.core.CorePropertiesLocator; Looking for core definitions underneath C:\Development\solr-4.10.2\example\solr
INFO  - 2014-11-08 17:11:35.985; org.apache.solr.core.CorePropertiesLocator; Found core collection1 in C:\Development\solr-4.10.2\example\solr\collection1\
INFO  - 2014-11-08 17:11:35.986; org.apache.solr.core.CorePropertiesLocator; Found 1 core definitions
INFO  - 2014-11-08 17:11:35.989; org.apache.solr.core.SolrResourceLoader; new SolrResourceLoader for directory: 'C:\Development\solr-4.10.2\example\solr\collection1\'
INFO  - 2014-11-08 17:11:36.188; org.apache.solr.core.SolrConfig; Adding specified lib dirs to ClassLoader
INFO  - 2014-11-08 17:11:36.190; org.apache.solr.core.SolrResourceLoader; Adding 'file:/C:/Development/solr-4.10.2/contrib/extraction/lib/apache-mime4j-core-0.7.2.jar' to classloader
INFO  - 2014-11-08 17:11:36.191; org.apache.solr.core.SolrResourceLoader; Adding 'file:/C:/Development/solr-4.10.2/contrib/extraction/lib/apache-mime4j-dom-0.7.2.jar' to classloader
INFO  - 2014-11-08 17:11:36.191; org.apache.solr.core.SolrResourceLoader; Adding 'file:/C:/Development/solr-4.10.2/contrib/extraction/lib/aspectjrt-1.6.11.jar' to classloader
INFO  - 2014-11-08 17:11:36.192; org.apache.solr.core.SolrResourceLoader; Adding 'file:/C:/Development/solr-4.10.2/contrib/extraction/lib/bcmail-jdk15-1.45.jar' to classloader
INFO  - 2014-11-08 17:11:36.193; org.apache.solr.core.SolrResourceLoader; Adding 'file:/C:/Development/solr-4.10.2/contrib/extraction/lib/bcprov-jdk15-1.45.jar' to classloader
INFO  - 2014-11-08 17:11:36.194; org.apache.solr.core.SolrResourceLoader; Adding 'file:/C:/Development/solr-4.10.2/contrib/extraction/lib/boilerpipe-1.1.0.jar' to classloader
INFO  - 2014-11-08 17:11:36.201; org.apache.solr.core.SolrResourceLoader; Adding 'file:/C:/Development/solr-4.10.2/contrib/extraction/lib/commons-compress-1.7.jar' to classloader
INFO  - 2014-11-08 17:11:36.202; org.apache.solr.core.SolrResourceLoader; Adding 'file:/C:/Development/solr-4.10.2/contrib/extraction/lib/dom4j-1.6.1.jar' to classloader
INFO  - 2014-11-08 17:11:36.203; org.apache.solr.core.SolrResourceLoader; Adding 'file:/C:/Development/solr-4.10.2/contrib/extraction/lib/fontbox-1.8.4.jar' to classloader
INFO  - 2014-11-08 17:11:36.204; org.apache.solr.core.SolrResourceLoader; Adding 'file:/C:/Development/solr-4.10.2/contrib/extraction/lib/icu4j-53.1.jar' to classloader
INFO  - 2014-11-08 17:11:36.204; org.apache.solr.core.SolrResourceLoader; Adding 'file:/C:/Development/solr-4.10.2/contrib/extraction/lib/isoparser-1.0-RC-1.jar' to classloader
INFO  - 2014-11-08 17:11:36.205; org.apache.solr.core.SolrResourceLoader; Adding 'file:/C:/Development/solr-4.10.2/contrib/extraction/lib/jdom-1.0.jar' to classloader
INFO  - 2014-11-08 17:11:36.206; org.apache.solr.core.SolrResourceLoader; Adding 'file:/C:/Development/solr-4.10.2/contrib/extraction/lib/jempbox-1.8.4.jar' to classloader
INFO  - 2014-11-08 17:11:36.206; org.apache.solr.core.SolrResourceLoader; Adding 'file:/C:/Development/solr-4.10.2/contrib/extraction/lib/jhighlight-1.0.jar' to classloader
INFO  - 2014-11-08 17:11:36.207; org.apache.solr.core.SolrResourceLoader; Adding 'file:/C:/Development/solr-4.10.2/contrib/extraction/lib/juniversalchardet-1.0.3.jar' to classloader
INFO  - 2014-11-08 17:11:36.208; org.apache.solr.core.SolrResourceLoader; Adding 'file:/C:/Development/solr-4.10.2/contrib/extraction/lib/metadata-extractor-2.6.2.jar' to classloader
INFO  - 2014-11-08 17:11:36.208; org.apache.solr.core.SolrResourceLoader; Adding 'file:/C:/Development/solr-4.10.2/contrib/extraction/lib/pdfbox-1.8.4.jar' to classloader
INFO  - 2014-11-08 17:11:36.208; org.apache.solr.core.SolrResourceLoader; Adding 'file:/C:/Development/solr-4.10.2/contrib/extraction/lib/poi-3.10.1.jar' to classloader
INFO  - 2014-11-08 17:11:36.210; org.apache.solr.core.SolrResourceLoader; Adding 'file:/C:/Development/solr-4.10.2/contrib/extraction/lib/poi-ooxml-3.10.1.jar' to classloader
INFO  - 2014-11-08 17:11:36.211; org.apache.solr.core.SolrResourceLoader; Adding 'file:/C:/Development/solr-4.10.2/contrib/extraction/lib/poi-ooxml-schemas-3.10.1.jar' to classloader
INFO  - 2014-11-08 17:11:36.211; org.apache.solr.core.SolrResourceLoader; Adding 'file:/C:/Development/solr-4.10.2/contrib/extraction/lib/poi-scratchpad-3.10.1.jar' to classloader
INFO  - 2014-11-08 17:11:36.212; org.apache.solr.core.SolrResourceLoader; Adding 'file:/C:/Development/solr-4.10.2/contrib/extraction/lib/rome-0.9.jar' to classloader
INFO  - 2014-11-08 17:11:36.214; org.apache.solr.core.SolrResourceLoader; Adding 'file:/C:/Development/solr-4.10.2/contrib/extraction/lib/tagsoup-1.2.1.jar' to classloader
INFO  - 2014-11-08 17:11:36.214; org.apache.solr.core.SolrResourceLoader; Adding 'file:/C:/Development/solr-4.10.2/contrib/extraction/lib/tika-core-1.5.jar' to classloader
INFO  - 2014-11-08 17:11:36.217; org.apache.solr.core.SolrResourceLoader; Adding 'file:/C:/Development/solr-4.10.2/contrib/extraction/lib/tika-parsers-1.5.jar' to classloader
INFO  - 2014-11-08 17:11:36.218; org.apache.solr.core.SolrResourceLoader; Adding 'file:/C:/Development/solr-4.10.2/contrib/extraction/lib/tika-xmp-1.5.jar' to classloader
INFO  - 2014-11-08 17:11:36.218; org.apache.solr.core.SolrResourceLoader; Adding 'file:/C:/Development/solr-4.10.2/contrib/extraction/lib/vorbis-java-core-0.1.jar' to classloader
INFO  - 2014-11-08 17:11:36.219; org.apache.solr.core.SolrResourceLoader; Adding 'file:/C:/Development/solr-4.10.2/contrib/extraction/lib/vorbis-java-tika-0.1.jar' to classloader
INFO  - 2014-11-08 17:11:36.220; org.apache.solr.core.SolrResourceLoader; Adding 'file:/C:/Development/solr-4.10.2/contrib/extraction/lib/xercesImpl-2.9.1.jar' to classloader
INFO  - 2014-11-08 17:11:36.220; org.apache.solr.core.SolrResourceLoader; Adding 'file:/C:/Development/solr-4.10.2/contrib/extraction/lib/xmlbeans-2.6.0.jar' to classloader
INFO  - 2014-11-08 17:11:36.221; org.apache.solr.core.SolrResourceLoader; Adding 'file:/C:/Development/solr-4.10.2/contrib/extraction/lib/xmpcore-5.1.2.jar' to classloader
INFO  - 2014-11-08 17:11:36.221; org.apache.solr.core.SolrResourceLoader; Adding 'file:/C:/Development/solr-4.10.2/contrib/extraction/lib/xz-1.4.jar' to classloader
INFO  - 2014-11-08 17:11:36.224; org.apache.solr.core.SolrResourceLoader; Adding 'file:/C:/Development/solr-4.10.2/dist/solr-cell-4.10.2.jar' to classloader
INFO  - 2014-11-08 17:11:36.225; org.apache.solr.core.SolrResourceLoader; Adding 'file:/C:/Development/solr-4.10.2/contrib/clustering/lib/attributes-binder-1.2.1.jar' to classloader
INFO  - 2014-11-08 17:11:36.225; org.apache.solr.core.SolrResourceLoader; Adding 'file:/C:/Development/solr-4.10.2/contrib/clustering/lib/carrot2-mini-3.9.0.jar' to classloader
INFO  - 2014-11-08 17:11:36.226; org.apache.solr.core.SolrResourceLoader; Adding 'file:/C:/Development/solr-4.10.2/contrib/clustering/lib/hppc-0.5.2.jar' to classloader
INFO  - 2014-11-08 17:11:36.227; org.apache.solr.core.SolrResourceLoader; Adding 'file:/C:/Development/solr-4.10.2/contrib/clustering/lib/jackson-core-asl-1.9.13.jar' to classloader
INFO  - 2014-11-08 17:11:36.227; org.apache.solr.core.SolrResourceLoader; Adding 'file:/C:/Development/solr-4.10.2/contrib/clustering/lib/jackson-mapper-asl-1.9.13.jar' to classloader
INFO  - 2014-11-08 17:11:36.227; org.apache.solr.core.SolrResourceLoader; Adding 'file:/C:/Development/solr-4.10.2/contrib/clustering/lib/mahout-collections-1.0.jar' to classloader
INFO  - 2014-11-08 17:11:36.228; org.apache.solr.core.SolrResourceLoader; Adding 'file:/C:/Development/solr-4.10.2/contrib/clustering/lib/mahout-math-0.6.jar' to classloader
INFO  - 2014-11-08 17:11:36.230; org.apache.solr.core.SolrResourceLoader; Adding 'file:/C:/Development/solr-4.10.2/contrib/clustering/lib/simple-xml-2.7.jar' to classloader
INFO  - 2014-11-08 17:11:36.231; org.apache.solr.core.SolrResourceLoader; Adding 'file:/C:/Development/solr-4.10.2/dist/solr-clustering-4.10.2.jar' to classloader
INFO  - 2014-11-08 17:11:36.233; org.apache.solr.core.SolrResourceLoader; Adding 'file:/C:/Development/solr-4.10.2/contrib/langid/lib/jsonic-1.2.7.jar' to classloader
INFO  - 2014-11-08 17:11:36.233; org.apache.solr.core.SolrResourceLoader; Adding 'file:/C:/Development/solr-4.10.2/contrib/langid/lib/langdetect-1.1-20120112.jar' to classloader
INFO  - 2014-11-08 17:11:36.234; org.apache.solr.core.SolrResourceLoader; Adding 'file:/C:/Development/solr-4.10.2/dist/solr-langid-4.10.2.jar' to classloader
INFO  - 2014-11-08 17:11:36.235; org.apache.solr.core.SolrResourceLoader; Adding 'file:/C:/Development/solr-4.10.2/contrib/velocity/lib/commons-beanutils-1.8.3.jar' to classloader
INFO  - 2014-11-08 17:11:36.236; org.apache.solr.core.SolrResourceLoader; Adding 'file:/C:/Development/solr-4.10.2/contrib/velocity/lib/commons-collections-3.2.1.jar' to classloader
INFO  - 2014-11-08 17:11:36.236; org.apache.solr.core.SolrResourceLoader; Adding 'file:/C:/Development/solr-4.10.2/contrib/velocity/lib/velocity-1.7.jar' to classloader
INFO  - 2014-11-08 17:11:36.237; org.apache.solr.core.SolrResourceLoader; Adding 'file:/C:/Development/solr-4.10.2/contrib/velocity/lib/velocity-tools-2.0.jar' to classloader
INFO  - 2014-11-08 17:11:36.238; org.apache.solr.core.SolrResourceLoader; Adding 'file:/C:/Development/solr-4.10.2/dist/solr-velocity-4.10.2.jar' to classloader
INFO  - 2014-11-08 17:11:36.304; org.apache.solr.update.SolrIndexConfig; IndexWriter infoStream solr logging is enabled
INFO  - 2014-11-08 17:11:36.313; org.apache.solr.core.SolrConfig; Using Lucene MatchVersion: 4.10.2
INFO  - 2014-11-08 17:11:36.533; org.apache.solr.core.SolrConfig; Loaded SolrConfig: solrconfig.xml
INFO  - 2014-11-08 17:11:36.546; org.apache.solr.schema.IndexSchema; Reading Solr Schema from C:\Development\solr-4.10.2\example\solr\collection1\conf\schema.xml
INFO  - 2014-11-08 17:11:36.612; org.apache.solr.schema.IndexSchema; [collection1] Schema name=example
INFO  - 2014-11-08 17:11:37.368; org.apache.solr.schema.IndexSchema; unique key field: id
INFO  - 2014-11-08 17:11:37.380; org.apache.solr.rest.RestManager$Registry; Registered ManagedResource impl org.apache.solr.rest.schema.analysis.ManagedWordSetResource for path /schema/analysis/stopwords/english
INFO  - 2014-11-08 17:11:37.381; org.apache.solr.rest.RestManager$Registry; Registered ManagedResource impl org.apache.solr.rest.schema.analysis.ManagedSynonymFilterFactory$SynonymManager for path /schema/analysis/synonyms/english
INFO  - 2014-11-08 17:11:37.473; org.apache.solr.schema.FileExchangeRateProvider; Reloading exchange rates from file currency.xml
INFO  - 2014-11-08 17:11:37.479; org.apache.solr.schema.FileExchangeRateProvider; Reloading exchange rates from file currency.xml
INFO  - 2014-11-08 17:11:37.594; org.apache.solr.core.CoreContainer; Creating SolrCore 'collection1' using configuration from instancedir C:\Development\solr-4.10.2\example\solr\collection1\
INFO  - 2014-11-08 17:11:37.636; org.apache.solr.core.SolrCore; solr.NRTCachingDirectoryFactory
INFO  - 2014-11-08 17:11:37.645; org.apache.solr.core.SolrCore; [collection1] Opening new SolrCore at C:\Development\solr-4.10.2\example\solr\collection1\, dataDir=C:\Development\solr-4.10.2\example\solr\collection1\data\
INFO  - 2014-11-08 17:11:37.669; org.apache.solr.core.JmxMonitoredMap; No JMX servers found, not exposing Solr information with JMX.
INFO  - 2014-11-08 17:11:37.678; org.apache.solr.core.SolrCore; [collection1] Added SolrEventListener for newSearcher: org.apache.solr.core.QuerySenderListener{queries=[]}
INFO  - 2014-11-08 17:11:37.679; org.apache.solr.core.SolrCore; [collection1] Added SolrEventListener for firstSearcher: org.apache.solr.core.QuerySenderListener{queries=[{q=static firstSearcher warming in solrconfig.xml}]}
INFO  - 2014-11-08 17:11:37.814; org.apache.solr.core.CachingDirectoryFactory; return new directory for C:\Development\solr-4.10.2\example\solr\collection1\data
INFO  - 2014-11-08 17:11:37.854; org.apache.solr.core.SolrCore; New index directory detected: old=null new=C:\Development\solr-4.10.2\example\solr\collection1\data\index/
WARN  - 2014-11-08 17:11:37.855; org.apache.solr.core.SolrCore; [collection1] Solr index directory 'C:\Development\solr-4.10.2\example\solr\collection1\data\index' doesn't exist. Creating new index...
INFO  - 2014-11-08 17:11:37.865; org.apache.solr.core.CachingDirectoryFactory; return new directory for C:\Development\solr-4.10.2\example\solr\collection1\data\index
INFO  - 2014-11-08 17:11:38.073; org.apache.solr.core.SolrDeletionPolicy; SolrDeletionPolicy.onCommit: commits: num=1
	commit{dir=NRTCachingDirectory(MMapDirectory@C:\Development\solr-4.10.2\example\solr\collection1\data\index lockFactory=NativeFSLockFactory@C:\Development\solr-4.10.2\example\solr\collection1\data\index; maxCacheMB=48.0 maxMergeSizeMB=4.0),segFN=segments_1,generation=1}
INFO  - 2014-11-08 17:11:38.074; org.apache.solr.core.SolrDeletionPolicy; newest commit generation = 1
INFO  - 2014-11-08 17:11:38.081; org.apache.solr.core.SolrCore; created json: solr.JSONResponseWriter
INFO  - 2014-11-08 17:11:38.082; org.apache.solr.core.SolrCore; adding lazy queryResponseWriter: solr.VelocityResponseWriter
INFO  - 2014-11-08 17:11:38.083; org.apache.solr.core.SolrCore; created velocity: solr.VelocityResponseWriter
INFO  - 2014-11-08 17:11:38.092; org.apache.solr.core.SolrCore; created xslt: solr.XSLTResponseWriter
INFO  - 2014-11-08 17:11:38.092; org.apache.solr.response.XSLTResponseWriter; xsltCacheLifetimeSeconds=5
INFO  - 2014-11-08 17:11:38.181; org.apache.solr.core.SolrCore; no updateRequestProcessorChain defined as default, creating implicit default
INFO  - 2014-11-08 17:11:38.190; org.apache.solr.core.RequestHandlers; created /update: org.apache.solr.handler.UpdateRequestHandler
INFO  - 2014-11-08 17:11:38.191; org.apache.solr.core.RequestHandlers; created /update/json: org.apache.solr.handler.UpdateRequestHandler
INFO  - 2014-11-08 17:11:38.191; org.apache.solr.core.RequestHandlers; created /update/csv: org.apache.solr.handler.UpdateRequestHandler
INFO  - 2014-11-08 17:11:38.192; org.apache.solr.core.RequestHandlers; created /update/json/docs: org.apache.solr.handler.UpdateRequestHandler
INFO  - 2014-11-08 17:11:38.198; org.apache.solr.core.RequestHandlers; created /select: solr.SearchHandler
INFO  - 2014-11-08 17:11:38.199; org.apache.solr.core.RequestHandlers; created /query: solr.SearchHandler
INFO  - 2014-11-08 17:11:38.200; org.apache.solr.core.RequestHandlers; created /get: solr.RealTimeGetHandler
INFO  - 2014-11-08 17:11:38.203; org.apache.solr.core.RequestHandlers; created /export: solr.SearchHandler
INFO  - 2014-11-08 17:11:38.203; org.apache.solr.core.RequestHandlers; created /browse: solr.SearchHandler
WARN  - 2014-11-08 17:11:38.207; org.apache.solr.core.RequestHandlers; Multiple requestHandler registered to the same name: /update ignoring: org.apache.solr.handler.UpdateRequestHandler
INFO  - 2014-11-08 17:11:38.208; org.apache.solr.core.RequestHandlers; created /update: solr.UpdateRequestHandler
INFO  - 2014-11-08 17:11:38.209; org.apache.solr.core.RequestHandlers; adding lazy requestHandler: solr.extraction.ExtractingRequestHandler
INFO  - 2014-11-08 17:11:38.210; org.apache.solr.core.RequestHandlers; created /update/extract: solr.extraction.ExtractingRequestHandler
INFO  - 2014-11-08 17:11:38.212; org.apache.solr.core.RequestHandlers; adding lazy requestHandler: solr.FieldAnalysisRequestHandler
INFO  - 2014-11-08 17:11:38.213; org.apache.solr.core.RequestHandlers; created /analysis/field: solr.FieldAnalysisRequestHandler
INFO  - 2014-11-08 17:11:38.213; org.apache.solr.core.RequestHandlers; adding lazy requestHandler: solr.DocumentAnalysisRequestHandler
INFO  - 2014-11-08 17:11:38.214; org.apache.solr.core.RequestHandlers; created /analysis/document: solr.DocumentAnalysisRequestHandler
INFO  - 2014-11-08 17:11:38.218; org.apache.solr.core.RequestHandlers; created /admin/: solr.admin.AdminHandlers
INFO  - 2014-11-08 17:11:38.220; org.apache.solr.core.RequestHandlers; created /admin/ping: solr.PingRequestHandler
INFO  - 2014-11-08 17:11:38.236; org.apache.solr.core.RequestHandlers; created /debug/dump: solr.DumpRequestHandler
INFO  - 2014-11-08 17:11:38.256; org.apache.solr.core.RequestHandlers; created /replication: solr.ReplicationHandler
INFO  - 2014-11-08 17:11:38.258; org.apache.solr.core.RequestHandlers; adding lazy requestHandler: solr.SearchHandler
INFO  - 2014-11-08 17:11:38.258; org.apache.solr.core.RequestHandlers; created /spell: solr.SearchHandler
INFO  - 2014-11-08 17:11:38.258; org.apache.solr.core.RequestHandlers; adding lazy requestHandler: solr.SearchHandler
INFO  - 2014-11-08 17:11:38.258; org.apache.solr.core.RequestHandlers; created /suggest: solr.SearchHandler
INFO  - 2014-11-08 17:11:38.258; org.apache.solr.core.RequestHandlers; adding lazy requestHandler: solr.SearchHandler
INFO  - 2014-11-08 17:11:38.259; org.apache.solr.core.RequestHandlers; created /tvrh: solr.SearchHandler
INFO  - 2014-11-08 17:11:38.259; org.apache.solr.core.RequestHandlers; adding lazy requestHandler: solr.SearchHandler
INFO  - 2014-11-08 17:11:38.260; org.apache.solr.core.RequestHandlers; created /terms: solr.SearchHandler
INFO  - 2014-11-08 17:11:38.260; org.apache.solr.core.RequestHandlers; adding lazy requestHandler: solr.SearchHandler
INFO  - 2014-11-08 17:11:38.260; org.apache.solr.core.RequestHandlers; created /elevate: solr.SearchHandler
INFO  - 2014-11-08 17:11:38.300; org.apache.solr.handler.loader.XMLLoader; xsltCacheLifetimeSeconds=60
INFO  - 2014-11-08 17:11:38.307; org.apache.solr.handler.loader.XMLLoader; xsltCacheLifetimeSeconds=60
INFO  - 2014-11-08 17:11:38.309; org.apache.solr.handler.loader.XMLLoader; xsltCacheLifetimeSeconds=60
INFO  - 2014-11-08 17:11:38.310; org.apache.solr.handler.loader.XMLLoader; xsltCacheLifetimeSeconds=60
INFO  - 2014-11-08 17:11:38.313; org.apache.solr.handler.loader.XMLLoader; xsltCacheLifetimeSeconds=60
INFO  - 2014-11-08 17:11:38.336; org.apache.solr.update.CommitTracker; Hard AutoCommit: if uncommited for 15000ms; 
INFO  - 2014-11-08 17:11:38.336; org.apache.solr.update.CommitTracker; Soft AutoCommit: disabled
INFO  - 2014-11-08 17:11:38.430; org.apache.solr.core.SolrDeletionPolicy; SolrDeletionPolicy.onInit: commits: num=1
	commit{dir=NRTCachingDirectory(MMapDirectory@C:\Development\solr-4.10.2\example\solr\collection1\data\index lockFactory=NativeFSLockFactory@C:\Development\solr-4.10.2\example\solr\collection1\data\index; maxCacheMB=48.0 maxMergeSizeMB=4.0),segFN=segments_1,generation=1}
INFO  - 2014-11-08 17:11:38.431; org.apache.solr.core.SolrDeletionPolicy; newest commit generation = 1
INFO  - 2014-11-08 17:11:38.440; org.apache.solr.search.SolrIndexSearcher; Opening Searcher@406cacdc[collection1] main
INFO  - 2014-11-08 17:11:38.449; org.apache.solr.rest.ManagedResourceStorage$FileStorageIO; File-based storage initialized to use dir: C:\Development\solr-4.10.2\example\solr\collection1\conf
INFO  - 2014-11-08 17:11:38.450; org.apache.solr.rest.RestManager; Initializing RestManager with initArgs: {storageDir=C:\Development\solr-4.10.2\example\solr\collection1\conf}
INFO  - 2014-11-08 17:11:38.452; org.apache.solr.rest.ManagedResourceStorage; Reading _rest_managed.json using file:dir=C:\Development\solr-4.10.2\example\solr\collection1\conf
INFO  - 2014-11-08 17:11:38.461; org.apache.solr.rest.ManagedResourceStorage; Loaded LinkedHashMap at path _rest_managed.json using file:dir=C:\Development\solr-4.10.2\example\solr\collection1\conf
INFO  - 2014-11-08 17:11:38.461; org.apache.solr.rest.ManagedResource; Loaded initArgs {} for /rest/managed
INFO  - 2014-11-08 17:11:38.461; org.apache.solr.rest.RestManager; Initializing 2 registered ManagedResources
INFO  - 2014-11-08 17:11:38.462; org.apache.solr.rest.ManagedResourceStorage; Reading _schema_analysis_stopwords_english.json using file:dir=C:\Development\solr-4.10.2\example\solr\collection1\conf
INFO  - 2014-11-08 17:11:38.463; org.apache.solr.rest.ManagedResourceStorage; Loaded LinkedHashMap at path _schema_analysis_stopwords_english.json using file:dir=C:\Development\solr-4.10.2\example\solr\collection1\conf
INFO  - 2014-11-08 17:11:38.464; org.apache.solr.rest.ManagedResource; Loaded initArgs {ignoreCase=true} for /schema/analysis/stopwords/english
INFO  - 2014-11-08 17:11:38.465; org.apache.solr.rest.schema.analysis.ManagedWordSetResource; Loaded 35 words for /schema/analysis/stopwords/english
INFO  - 2014-11-08 17:11:38.465; org.apache.solr.rest.ManagedResource; Notified 1 observers of /schema/analysis/stopwords/english
INFO  - 2014-11-08 17:11:38.466; org.apache.solr.rest.ManagedResourceStorage; Reading _schema_analysis_synonyms_english.json using file:dir=C:\Development\solr-4.10.2\example\solr\collection1\conf
INFO  - 2014-11-08 17:11:38.466; org.apache.solr.rest.ManagedResourceStorage; Loaded LinkedHashMap at path _schema_analysis_synonyms_english.json using file:dir=C:\Development\solr-4.10.2\example\solr\collection1\conf
INFO  - 2014-11-08 17:11:38.467; org.apache.solr.rest.ManagedResource; Loaded initArgs {ignoreCase=true,format=solr} for /schema/analysis/synonyms/english
INFO  - 2014-11-08 17:11:38.468; org.apache.solr.rest.schema.analysis.ManagedSynonymFilterFactory$SynonymManager; Loaded 3 synonym mappings for /schema/analysis/synonyms/english
INFO  - 2014-11-08 17:11:38.470; org.apache.solr.rest.ManagedResource; Notified 1 observers of /schema/analysis/synonyms/english
INFO  - 2014-11-08 17:11:38.470; org.apache.solr.handler.component.SpellCheckComponent; Initializing spell checkers
INFO  - 2014-11-08 17:11:38.476; org.apache.solr.spelling.DirectSolrSpellChecker; init: {name=default,field=text,classname=solr.DirectSolrSpellChecker,distanceMeasure=internal,accuracy=0.5,maxEdits=2,minPrefix=1,maxInspections=5,minQueryLength=4,maxQueryFrequency=0.01}
INFO  - 2014-11-08 17:11:38.482; org.apache.solr.handler.component.SpellCheckComponent; No queryConverter defined, using default converter
INFO  - 2014-11-08 17:11:38.490; org.apache.solr.handler.component.SuggestComponent; Initializing SuggestComponent
INFO  - 2014-11-08 17:11:38.492; org.apache.solr.spelling.suggest.SolrSuggester; init: {name=mySuggester,lookupImpl=FuzzyLookupFactory,dictionaryImpl=DocumentDictionaryFactory,field=cat,weightField=price,suggestAnalyzerFieldType=string}
INFO  - 2014-11-08 17:11:38.507; org.apache.solr.spelling.suggest.SolrSuggester; Dictionary loaded with params: {name=mySuggester,lookupImpl=FuzzyLookupFactory,dictionaryImpl=DocumentDictionaryFactory,field=cat,weightField=price,suggestAnalyzerFieldType=string}
INFO  - 2014-11-08 17:11:38.509; org.apache.solr.handler.component.QueryElevationComponent; Loading QueryElevation from: C:\Development\solr-4.10.2\example\solr\collection1\conf\elevate.xml
INFO  - 2014-11-08 17:11:38.536; org.apache.solr.handler.ReplicationHandler; Commits will be reserved for  10000
INFO  - 2014-11-08 17:11:38.537; org.apache.solr.core.CoreContainer; registering core: collection1
INFO  - 2014-11-08 17:11:38.538; org.apache.solr.core.QuerySenderListener; QuerySenderListener sending requests to Searcher@406cacdc[collection1] main{StandardDirectoryReader(segments_1:1:nrt)}
INFO  - 2014-11-08 17:11:38.551; org.apache.solr.servlet.SolrDispatchFilter; user.dir=C:\Development\solr-4.10.2\example
INFO  - 2014-11-08 17:11:38.560; org.apache.solr.servlet.SolrDispatchFilter; SolrDispatchFilter.init() done
INFO  - 2014-11-08 17:11:38.741; org.apache.solr.core.SolrCore; [collection1] webapp=null path=null params={q=static+firstSearcher+warming+in+solrconfig.xml&distrib=false&event=firstSearcher} hits=0 status=0 QTime=199 
INFO  - 2014-11-08 17:11:38.742; org.apache.solr.core.QuerySenderListener; QuerySenderListener done.
INFO  - 2014-11-08 17:11:38.743; org.apache.solr.handler.component.SpellCheckComponent$SpellCheckerListener; Loading spell index for spellchecker: default
INFO  - 2014-11-08 17:11:38.743; org.apache.solr.handler.component.SpellCheckComponent$SpellCheckerListener; Loading spell index for spellchecker: wordbreak
INFO  - 2014-11-08 17:11:38.743; org.apache.solr.handler.component.SuggestComponent$SuggesterListener; Loading suggester index for: mySuggester
INFO  - 2014-11-08 17:11:38.743; org.apache.solr.spelling.suggest.SolrSuggester; reload()
INFO  - 2014-11-08 17:11:38.744; org.apache.solr.spelling.suggest.SolrSuggester; build()
INFO  - 2014-11-08 17:11:38.909; org.eclipse.jetty.server.AbstractConnector; Started SocketConnector@0.0.0.0:8983
INFO  - 2014-11-08 17:11:38.918; org.apache.solr.core.SolrCore; [collection1] Registered new searcher Searcher@406cacdc[collection1] main{StandardDirectoryReader(segments_1:1:nrt)}
INFO  - 2014-11-08 17:12:39.967; org.apache.solr.servlet.SolrDispatchFilter; [admin] webapp=null path=/admin/cores params={indexInfo=false&wt=json&_=1415459559953} status=0 QTime=2 
INFO  - 2014-11-08 17:12:40.078; org.apache.solr.servlet.SolrDispatchFilter; [admin] webapp=null path=/admin/info/system params={wt=json&_=1415459560010} status=0 QTime=54 
INFO  - 2014-11-08 17:12:48.533; org.apache.solr.servlet.SolrDispatchFilter; [admin] webapp=null path=/admin/info/logging params={wt=json&since=0&_=1415459568519} status=0 QTime=2 
INFO  - 2014-11-08 17:12:56.390; org.apache.solr.servlet.SolrDispatchFilter; [admin] webapp=null path=/admin/info/logging params={wt=json&_=1415459576368} status=0 QTime=6 
INFO  - 2014-11-08 17:13:00.423; org.apache.solr.servlet.SolrDispatchFilter; [admin] webapp=null path=/admin/cores params={wt=json&_=1415459580410} status=0 QTime=3 
INFO  - 2014-11-08 17:13:00.532; org.apache.solr.servlet.SolrDispatchFilter; [admin] webapp=null path=/admin/cores params={wt=json&_=1415459580473} status=0 QTime=1 
INFO  - 2014-11-08 17:16:01.582; org.eclipse.jetty.server.Server; Graceful shutdown SocketConnector@0.0.0.0:8983
INFO  - 2014-11-08 17:16:01.584; org.eclipse.jetty.server.Server; Graceful shutdown o.e.j.w.WebAppContext{/solr,file:/C:/Development/solr-4.10.2/example/solr-webapp/webapp/},C:\Development\solr-4.10.2\example/webapps/solr.war
INFO  - 2014-11-08 17:16:02.587; org.apache.solr.core.CoreContainer; Shutting down CoreContainer instance=379645464
INFO  - 2014-11-08 17:16:02.589; org.apache.solr.core.SolrCore; [collection1]  CLOSING SolrCore org.apache.solr.core.SolrCore@2ae4417b
INFO  - 2014-11-08 17:16:02.589; org.apache.solr.update.DirectUpdateHandler2; closing DirectUpdateHandler2{commits=0,autocommit maxTime=15000ms,autocommits=0,soft autocommits=0,optimizes=0,rollbacks=0,expungeDeletes=0,docsPending=0,adds=0,deletesById=0,deletesByQuery=0,errors=0,cumulative_adds=0,cumulative_deletesById=0,cumulative_deletesByQuery=0,cumulative_errors=0,transaction_logs_total_size=0,transaction_logs_total_number=0}
INFO  - 2014-11-08 17:16:02.590; org.apache.solr.update.SolrCoreState; Closing SolrCoreState
INFO  - 2014-11-08 17:16:02.591; org.apache.solr.update.DefaultSolrCoreState; SolrCoreState ref count has reached 0 - closing IndexWriter
INFO  - 2014-11-08 17:16:02.591; org.apache.solr.update.DefaultSolrCoreState; closing IndexWriter with IndexWriterCloser
INFO  - 2014-11-08 17:16:02.594; org.apache.solr.core.SolrCore; [collection1] Closing main searcher on request.
INFO  - 2014-11-08 17:16:02.595; org.apache.solr.core.CachingDirectoryFactory; Closing NRTCachingDirectoryFactory - 2 directories currently being tracked
INFO  - 2014-11-08 17:16:02.596; org.apache.solr.core.CachingDirectoryFactory; looking to close C:\Development\solr-4.10.2\example\solr\collection1\data\index [CachedDir<<refCount=0;path=C:\Development\solr-4.10.2\example\solr\collection1\data\index;done=false>>]
INFO  - 2014-11-08 17:16:02.596; org.apache.solr.core.CachingDirectoryFactory; Closing directory: C:\Development\solr-4.10.2\example\solr\collection1\data\index
INFO  - 2014-11-08 17:16:02.596; org.apache.solr.core.CachingDirectoryFactory; looking to close C:\Development\solr-4.10.2\example\solr\collection1\data [CachedDir<<refCount=0;path=C:\Development\solr-4.10.2\example\solr\collection1\data;done=false>>]
INFO  - 2014-11-08 17:16:02.597; org.apache.solr.core.CachingDirectoryFactory; Closing directory: C:\Development\solr-4.10.2\example\solr\collection1\data
INFO  - 2014-11-08 17:16:02.599; org.eclipse.jetty.server.handler.ContextHandler; stopped o.e.j.w.WebAppContext{/solr,file:/C:/Development/solr-4.10.2/example/solr-webapp/webapp/},C:\Development\solr-4.10.2\example/webapps/solr.war
